C51 COMPILER V9.53.0.0   DELAY                                                             06/26/2018 14:03:20 PAGE 1   


C51 COMPILER V9.53.0.0, COMPILATION OF MODULE DELAY
OBJECT MODULE PLACED IN .\Output\Delay.obj
COMPILER INVOKED BY: C:\Keil_v5\C51\BIN\C51.EXE ..\Common\Delay.c LARGE OPTIMIZE(4,SPEED) BROWSE INCDIR(..\Include) DEFI
                    -NE(FOSC_160000) DEBUG OBJECTEXTEND PRINT(.\LST\Delay.lst) TABS(2) OBJECT(.\Output\Delay.obj)

line level    source

   1          /*--------------------------------------------------------------------------------------------------------
             --*/
   2          /*                                                                                                        
             - */
   3          /* Copyright(c) 2017 Nuvoton Technology Corp. All rights reserved.                                        
             - */
   4          /*                                                                                                        
             - */
   5          /*--------------------------------------------------------------------------------------------------------
             --*/
   6          
   7          //********************************************************************************************************
             -***
   8          //  Website: http://www.nuvoton.com
   9          //  E-Mail : MicroC-8bit@nuvoton.com
  10          //  Date   : Jan/21/2017
  11          //********************************************************************************************************
             -***
  12          
  13          #include "N76E003.h"
  14          #include "Common.h"
  15          #include "Delay.h"
  16          #include "SFR_Macro.h"
  17          #include "Function_define.h"
  18          bit BIT_TMP;
  19          
  20          
  21          void Delay_1ms(int time)
  22          {
  23   1        int i,j;
  24   1        for(j=0; j<time; j++)
  25   1          for (i = 0; i < 729; i++);
  26   1      }
  27          
  28          void Delay_100us(int time)
  29          {
  30   1        int i,j;
  31   1        for(j=0; j<time; j++)
  32   1          for (i = 0; i < 72; i++);
  33   1      }
  34          
  35          //-------------------------------------------------------------------------
  36          void Timer0_Delay100us(UINT32 u32CNT)
  37          {
  38   1          clr_T0M;                                    //T0M=0, Timer0 Clock = Fsys/12
  39   1          TMOD |= 0x01;                               //Timer0 is 16-bit mode
  40   1          set_TR0;                                    //Start Timer0
  41   1          while (u32CNT != 0)
  42   1          {
  43   2              TL0 = LOBYTE(TIMER_DIV12_VALUE_100us);  //Find  define in "Function_define.h" "TIMER VALUE"
  44   2              TH0 = HIBYTE(TIMER_DIV12_VALUE_100us);
  45   2              while (TF0 != 1);                       //Check Timer0 Time-Out Flag
  46   2              clr_TF0;
  47   2              u32CNT --;
C51 COMPILER V9.53.0.0   DELAY                                                             06/26/2018 14:03:20 PAGE 2   

  48   2          }
  49   1          clr_TR0;                                    //Stop Timer0
  50   1      }
  51          //------------------------------------------------------------------------------
  52          void Timer0_Delay1ms(UINT32 u32CNT)
  53          {
  54   1          clr_T0M;                                    //T0M=0, Timer0 Clock = Fsys/12
  55   1          TMOD |= 0x01;                               //Timer0 is 16-bit mode
  56   1          set_TR0;                                    //Start Timer0
  57   1          while (u32CNT != 0)
  58   1          {
  59   2              TL0 = LOBYTE(TIMER_DIV12_VALUE_1ms);    //Find  define in "Function_define.h" "TIMER VALUE"
  60   2              TH0 = HIBYTE(TIMER_DIV12_VALUE_1ms);
  61   2              while (TF0 != 1);                       //Check Timer0 Time-Out Flag
  62   2              clr_TF0;
  63   2              u32CNT --;
  64   2          }
  65   1          clr_TR0;                                    //Stop Timer0
  66   1      }
  67          
  68          //------------------------------------------------------------------------------
  69          void Timer1_Delay10ms(UINT32 u32CNT)
  70          {
  71   1          clr_T1M;                                    //T1M=0, Timer1 Clock = Fsys/12
  72   1          TMOD |= 0x10;                               //Timer1 is 16-bit mode
  73   1          set_TR1;                                    //Start Timer1
  74   1          while (u32CNT != 0)
  75   1          {
  76   2              TL1 = LOBYTE(TIMER_DIV12_VALUE_10ms);   //Find  define in "Function_define.h" "TIMER VALUE"
  77   2              TH1 = HIBYTE(TIMER_DIV12_VALUE_10ms);
  78   2              while (TF1 != 1);                       //Check Timer1 Time-Out Flag
  79   2              clr_TF1;
  80   2              u32CNT --;
  81   2          }
  82   1          clr_TR1;                                    //Stop Timer1
  83   1      }
  84          //------------------------------------------------------------------------------
  85          void Timer2_Delay500us(UINT32 u32CNT)
  86          {
  87   1          clr_T2DIV2;                                 //Timer2 Clock = Fsys/4 
  88   1          clr_T2DIV1;
  89   1          set_T2DIV0;
  90   1          set_TR2;                                    //Start Timer2
  91   1          while (u32CNT != 0)
  92   1          {
  93   2              TL2 = LOBYTE(TIMER_DIV4_VALUE_500us);   //Find  define in "Function_define.h" "TIMER VALUE"
  94   2              TH2 = HIBYTE(TIMER_DIV4_VALUE_500us);
  95   2              while (TF2 != 1);                       //Check Timer2 Time-Out Flag
  96   2              clr_TF2;
  97   2              u32CNT --;
  98   2          }
  99   1          clr_TR2;                                    //Stop Timer2
 100   1      }
 101          //------------------------------------------------------------------------------
 102          void Timer3_Delay100ms(UINT32 u32CNT)
 103          {
 104   1          T3CON = 0x07;                               //Timer3 Clock = Fsys/128
 105   1          set_TR3;                                    //Trigger Timer3
 106   1          while (u32CNT != 0)
 107   1          {
 108   2              RL3 = LOBYTE(TIMER_DIV128_VALUE_100ms); //Find  define in "Function_define.h" "TIMER VALUE"
 109   2              RH3 = HIBYTE(TIMER_DIV128_VALUE_100ms);
C51 COMPILER V9.53.0.0   DELAY                                                             06/26/2018 14:03:20 PAGE 3   

 110   2              while ((T3CON&SET_BIT4) != SET_BIT4);   //Check Timer3 Time-Out Flag
 111   2              clr_TF3;
 112   2              u32CNT --;
 113   2          }
 114   1          clr_TR3;                                    //Stop Timer3
 115   1      }
 116          //------------------------------------------------------------------------------
 117          void Timer3_Delay10us(UINT32 u32CNT)
 118          {
 119   1          T3CON = 0x07;                               //Timer3 Clock = Fsys/128
 120   1          set_TR3;                                    //Trigger Timer3
 121   1          while (u32CNT != 0)
 122   1          {
 123   2              RL3 = LOBYTE(TIMER_DIV4_VALUE_10us); //Find  define in "Function_define.h" "TIMER VALUE"
 124   2              RH3 = HIBYTE(TIMER_DIV4_VALUE_10us);
 125   2              while ((T3CON&SET_BIT4) != SET_BIT4);   //Check Timer3 Time-Out Flag
 126   2              clr_TF3;
 127   2              u32CNT --;
 128   2          }
 129   1          clr_TR3;                                    //Stop Timer3
 130   1      }


MODULE INFORMATION:   STATIC OVERLAYABLE
   CODE SIZE        =    655    ----
   CONSTANT SIZE    =   ----    ----
   XDATA SIZE       =   ----      24
   PDATA SIZE       =   ----    ----
   DATA SIZE        =   ----    ----
   IDATA SIZE       =   ----    ----
   BIT SIZE         =      1    ----
END OF MODULE INFORMATION.


C51 COMPILATION COMPLETE.  0 WARNING(S),  0 ERROR(S)
